<?xml version="1.0" encoding="UTF-8"?>
<testng-results skipped="0" failed="1" ignored="0" total="4" passed="3">
  <reporter-output>
  </reporter-output>
  <suite name="Default suite" duration-ms="35385" started-at="2020-02-11T06:12:08 UTC" finished-at="2020-02-11T06:12:43 UTC">
    <groups>
    </groups>
    <test name="Default test" duration-ms="35385" started-at="2020-02-11T06:12:08 UTC" finished-at="2020-02-11T06:12:43 UTC">
      <class name="hdcdemoclass.Handson">
        <test-method status="PASS" signature="reportconfig()[pri:0, instance:hdcdemoclass.Handson@76707e36]" name="reportconfig" is-config="true" duration-ms="248" started-at="2020-02-11T06:12:08 UTC" finished-at="2020-02-11T06:12:08 UTC">
          <reporter-output>
          </reporter-output>
        </test-method> <!-- reportconfig -->
        <test-method status="FAIL" signature="testRegistration()[pri:1, instance:hdcdemoclass.Handson@76707e36]" name="testRegistration" duration-ms="9118" started-at="2020-02-11T06:12:08 UTC" finished-at="2020-02-11T06:12:17 UTC">
          <exception class="java.lang.AssertionError">
            <message>
              <![CDATA[expected [Available] but found [Name Already Exists]]]>
            </message>
            <full-stacktrace>
              <![CDATA[java.lang.AssertionError: expected [Available] but found [Name Already Exists]
at org.testng.Assert.fail(Assert.java:97)
at org.testng.Assert.assertEqualsImpl(Assert.java:136)
at org.testng.Assert.assertEquals(Assert.java:118)
at org.testng.Assert.assertEquals(Assert.java:575)
at org.testng.Assert.assertEquals(Assert.java:585)
at hdcdemoclass.Handson.testRegistration(Handson.java:68)
at sun.reflect.NativeMethodAccessorImpl.invoke0(Native Method)
at sun.reflect.NativeMethodAccessorImpl.invoke(Unknown Source)
at sun.reflect.DelegatingMethodAccessorImpl.invoke(Unknown Source)
at java.lang.reflect.Method.invoke(Unknown Source)
at org.testng.internal.MethodInvocationHelper.invokeMethod(MethodInvocationHelper.java:133)
at org.testng.internal.TestInvoker.invokeMethod(TestInvoker.java:584)
at org.testng.internal.TestInvoker.invokeTestMethod(TestInvoker.java:172)
at org.testng.internal.MethodRunner.runInSequence(MethodRunner.java:46)
at org.testng.internal.TestInvoker$MethodInvocationAgent.invoke(TestInvoker.java:804)
at org.testng.internal.TestInvoker.invokeTestMethods(TestInvoker.java:145)
at org.testng.internal.TestMethodWorker.invokeTestMethods(TestMethodWorker.java:146)
at org.testng.internal.TestMethodWorker.run(TestMethodWorker.java:128)
at java.util.ArrayList.forEach(Unknown Source)
at org.testng.TestRunner.privateRun(TestRunner.java:770)
at org.testng.TestRunner.run(TestRunner.java:591)
at org.testng.SuiteRunner.runTest(SuiteRunner.java:402)
at org.testng.SuiteRunner.runSequentially(SuiteRunner.java:396)
at org.testng.SuiteRunner.privateRun(SuiteRunner.java:355)
at org.testng.SuiteRunner.run(SuiteRunner.java:304)
at org.testng.SuiteRunnerWorker.runSuite(SuiteRunnerWorker.java:53)
at org.testng.SuiteRunnerWorker.run(SuiteRunnerWorker.java:96)
at org.testng.TestNG.runSuitesSequentially(TestNG.java:1180)
at org.testng.TestNG.runSuitesLocally(TestNG.java:1102)
at org.testng.TestNG.runSuites(TestNG.java:1032)
at org.testng.TestNG.run(TestNG.java:1000)
at org.testng.remote.AbstractRemoteTestNG.run(AbstractRemoteTestNG.java:115)
at org.testng.remote.RemoteTestNG.initAndRun(RemoteTestNG.java:251)
at org.testng.remote.RemoteTestNG.main(RemoteTestNG.java:77)
]]>
            </full-stacktrace>
          </exception> <!-- java.lang.AssertionError -->
          <reporter-output>
          </reporter-output>
        </test-method> <!-- testRegistration -->
        <test-method status="PASS" signature="getResult(org.testng.ITestResult)[pri:0, instance:hdcdemoclass.Handson@76707e36]" name="getResult" is-config="true" duration-ms="355" started-at="2020-02-11T06:12:17 UTC" finished-at="2020-02-11T06:12:18 UTC">
          <params>
            <param index="0">
              <value>
                <![CDATA[[TestResult name=testRegistration status=FAILURE method=Handson.testRegistration()[pri:1, instance:hdcdemoclass.Handson@76707e36] output={null}]]]>
              </value>
            </param>
          </params>
          <reporter-output>
          </reporter-output>
        </test-method> <!-- getResult -->
        <test-method status="PASS" signature="testLogin()[pri:2, instance:hdcdemoclass.Handson@76707e36]" name="testLogin" duration-ms="10701" started-at="2020-02-11T06:12:18 UTC" finished-at="2020-02-11T06:12:28 UTC">
          <reporter-output>
          </reporter-output>
        </test-method> <!-- testLogin -->
        <test-method status="PASS" signature="getResult(org.testng.ITestResult)[pri:0, instance:hdcdemoclass.Handson@76707e36]" name="getResult" is-config="true" duration-ms="1" started-at="2020-02-11T06:12:28 UTC" finished-at="2020-02-11T06:12:28 UTC">
          <params>
            <param index="0">
              <value>
                <![CDATA[[TestResult name=testLogin status=SUCCESS method=Handson.testLogin()[pri:2, instance:hdcdemoclass.Handson@76707e36] output={null}]]]>
              </value>
            </param>
          </params>
          <reporter-output>
          </reporter-output>
        </test-method> <!-- getResult -->
        <test-method status="PASS" signature="testCart()[pri:3, instance:hdcdemoclass.Handson@76707e36]" name="testCart" duration-ms="2959" started-at="2020-02-11T06:12:28 UTC" finished-at="2020-02-11T06:12:31 UTC">
          <reporter-output>
          </reporter-output>
        </test-method> <!-- testCart -->
        <test-method status="PASS" signature="getResult(org.testng.ITestResult)[pri:0, instance:hdcdemoclass.Handson@76707e36]" name="getResult" is-config="true" duration-ms="1" started-at="2020-02-11T06:12:31 UTC" finished-at="2020-02-11T06:12:31 UTC">
          <params>
            <param index="0">
              <value>
                <![CDATA[[TestResult name=testCart status=SUCCESS method=Handson.testCart()[pri:3, instance:hdcdemoclass.Handson@76707e36] output={null}]]]>
              </value>
            </param>
          </params>
          <reporter-output>
          </reporter-output>
        </test-method> <!-- getResult -->
        <test-method status="PASS" signature="testPayment()[pri:4, instance:hdcdemoclass.Handson@76707e36]" name="testPayment" duration-ms="11544" started-at="2020-02-11T06:12:31 UTC" finished-at="2020-02-11T06:12:43 UTC">
          <reporter-output>
          </reporter-output>
        </test-method> <!-- testPayment -->
        <test-method status="PASS" signature="getResult(org.testng.ITestResult)[pri:0, instance:hdcdemoclass.Handson@76707e36]" name="getResult" is-config="true" duration-ms="0" started-at="2020-02-11T06:12:43 UTC" finished-at="2020-02-11T06:12:43 UTC">
          <params>
            <param index="0">
              <value>
                <![CDATA[[TestResult name=testPayment status=SUCCESS method=Handson.testPayment()[pri:4, instance:hdcdemoclass.Handson@76707e36] output={null}]]]>
              </value>
            </param>
          </params>
          <reporter-output>
          </reporter-output>
        </test-method> <!-- getResult -->
        <test-method status="PASS" signature="tearDown()[pri:0, instance:hdcdemoclass.Handson@76707e36]" name="tearDown" is-config="true" duration-ms="404" started-at="2020-02-11T06:12:43 UTC" finished-at="2020-02-11T06:12:43 UTC">
          <reporter-output>
          </reporter-output>
        </test-method> <!-- tearDown -->
      </class> <!-- hdcdemoclass.Handson -->
    </test> <!-- Default test -->
  </suite> <!-- Default suite -->
</testng-results>
